<?xml version="1.0" encoding="utf-8"?>
<test-run id="2" name="Open-Lab-03.03.dll" fullname="C:/Users/z20ist16/Source/Repos/Open-Lab-03.03/Open-Lab-03.03/bin/Debug/netcoreapp3.0/Open-Lab-03.03.dll" testcasecount="100" result="Passed" start-time="2021-10-13 06:36:48Z" end-time="2021-10-13 06:36:48Z" duration="0.050169" total="100" passed="100" failed="0" inconclusive="0" skipped="0" asserts="100" random-seed="369597447">
  <command-line><![CDATA[C:\Users\z20ist16\Source\Repos\Open-Lab-03.03\Open-Lab-03.03\bin\Debug\netcoreapp3.0\Open-Lab-03.03.dll]]></command-line>
  <filter />
  <test-suite type="Assembly" id="1102" name="Open-Lab-03.03.dll" fullname="C:/Users/z20ist16/Source/Repos/Open-Lab-03.03/Open-Lab-03.03/bin/Debug/netcoreapp3.0/Open-Lab-03.03.dll" runstate="Runnable" testcasecount="100" result="Passed" start-time="2021-10-13 06:36:48Z" end-time="2021-10-13 06:36:48Z" duration="0.050169" total="100" passed="100" failed="0" warnings="0" inconclusive="0" skipped="0" asserts="100">
    <environment framework-version="3.12.0.0" clr-version="3.1.15" os-version="Microsoft Windows 10.0.19042" platform="Win32NT" cwd="C:\Users\z20ist16\Source\Repos\Open-Lab-03.03\Open-Lab-03.03\bin\Debug\netcoreapp3.0" machine-name="Z00P1-12" user="z20ist16" user-domain="SPSKNM" culture="sk-SK" uiculture="sk-SK" os-architecture="x64" />
    <settings>
      <setting name="WorkDirectory" value="C:\Users\z20ist16\Source\Repos\Open-Lab-03.03\Open-Lab-03.03\bin\Debug\netcoreapp3.0" />
      <setting name="NumberOfTestWorkers" value="4" />
    </settings>
    <properties>
      <property name="_PID" value="2576" />
      <property name="_APPDOMAIN" value="Open-Lab-03.03" />
    </properties>
    <test-suite type="TestSuite" id="1103" name="Open_Lab_03" fullname="Open_Lab_03" runstate="Runnable" testcasecount="100" result="Passed" start-time="2021-10-13 06:36:48Z" end-time="2021-10-13 06:36:48Z" duration="0.044116" total="100" passed="100" failed="0" warnings="0" inconclusive="0" skipped="0" asserts="100">
      <test-suite type="TestSuite" id="1104" name="_03" fullname="Open_Lab_03._03" runstate="Runnable" testcasecount="100" result="Passed" start-time="2021-10-13 06:36:48Z" end-time="2021-10-13 06:36:48Z" duration="0.043856" total="100" passed="100" failed="0" warnings="0" inconclusive="0" skipped="0" asserts="100">
        <test-suite type="TestFixture" id="1000" name="Tests" fullname="Open_Lab_03._03.Tests" classname="Open_Lab_03._03.Tests" runstate="Runnable" testcasecount="100" result="Passed" start-time="2021-10-13 06:36:48Z" end-time="2021-10-13 06:36:48Z" duration="0.042368" total="100" passed="100" failed="0" warnings="0" inconclusive="0" skipped="0" asserts="100">
          <test-suite type="ParameterizedMethod" id="1101" name="CompareCharactersCountTest" fullname="Open_Lab_03._03.Tests.CompareCharactersCountTest" classname="Open_Lab_03._03.Tests" runstate="Runnable" testcasecount="100" result="Passed" start-time="2021-10-13 06:36:48Z" end-time="2021-10-13 06:36:48Z" duration="0.037743" total="100" passed="100" failed="0" warnings="0" inconclusive="0" skipped="0" asserts="100">
            <test-case id="1001" name="CompareCharactersCountTest(&quot;AB&quot;,&quot;CD&quot;,True)" fullname="Open_Lab_03._03.Tests.CompareCharactersCountTest(&quot;AB&quot;,&quot;CD&quot;,True)" methodname="CompareCharactersCountTest" classname="Open_Lab_03._03.Tests" runstate="Runnable" seed="658455505" result="Passed" start-time="2021-10-13 06:36:48Z" end-time="2021-10-13 06:36:48Z" duration="0.026209" asserts="1" />
            <test-case id="1002" name="CompareCharactersCountTest(&quot;ABC&quot;,&quot;DE&quot;,False)" fullname="Open_Lab_03._03.Tests.CompareCharactersCountTest(&quot;ABC&quot;,&quot;DE&quot;,False)" methodname="CompareCharactersCountTest" classname="Open_Lab_03._03.Tests" runstate="Runnable" seed="413492231" result="Passed" start-time="2021-10-13 06:36:48Z" end-time="2021-10-13 06:36:48Z" duration="0.000139" asserts="1" />
            <test-case id="1003" name="CompareCharactersCountTest(&quot;Test&quot;,&quot;GitHub&quot;,False)" fullname="Open_Lab_03._03.Tests.CompareCharactersCountTest(&quot;Test&quot;,&quot;GitHub&quot;,False)" methodname="CompareCharactersCountTest" classname="Open_Lab_03._03.Tests" runstate="Runnable" seed="297179957" result="Passed" start-time="2021-10-13 06:36:48Z" end-time="2021-10-13 06:36:48Z" duration="0.000046" asserts="1" />
            <test-case id="1004" name="CompareCharactersCountTest(&quot;&quot;,&quot;A&quot;,False)" fullname="Open_Lab_03._03.Tests.CompareCharactersCountTest(&quot;&quot;,&quot;A&quot;,False)" methodname="CompareCharactersCountTest" classname="Open_Lab_03._03.Tests" runstate="Runnable" seed="13751518" result="Passed" start-time="2021-10-13 06:36:48Z" end-time="2021-10-13 06:36:48Z" duration="0.000031" asserts="1" />
            <test-case id="1005" name="CompareCharactersCountTest(&quot;VFWW&quot;,&quot;EVK&quot;,False)" fullname="Open_Lab_03._03.Tests.CompareCharactersCountTest(&quot;VFWW&quot;,&quot;EVK&quot;,False)" methodname="CompareCharactersCountTest" classname="Open_Lab_03._03.Tests" runstate="Runnable" seed="456218303" result="Passed" start-time="2021-10-13 06:36:48Z" end-time="2021-10-13 06:36:48Z" duration="0.000030" asserts="1" />
            <test-case id="1006" name="CompareCharactersCountTest(&quot;WRHT&quot;,&quot;HC&quot;,False)" fullname="Open_Lab_03._03.Tests.CompareCharactersCountTest(&quot;WRHT&quot;,&quot;HC&quot;,False)" methodname="CompareCharactersCountTest" classname="Open_Lab_03._03.Tests" runstate="Runnable" seed="1934176385" result="Passed" start-time="2021-10-13 06:36:48Z" end-time="2021-10-13 06:36:48Z" duration="0.000034" asserts="1" />
            <test-case id="1007" name="CompareCharactersCountTest(&quot;WDIAGLOBQ&quot;,&quot;QNXNJQWZD&quot;,True)" fullname="Open_Lab_03._03.Tests.CompareCharactersCountTest(&quot;WDIAGLOBQ&quot;,&quot;QNXNJQWZD&quot;,True)" methodname="CompareCharactersCountTest" classname="Open_Lab_03._03.Tests" runstate="Runnable" seed="257188864" result="Passed" start-time="2021-10-13 06:36:48Z" end-time="2021-10-13 06:36:48Z" duration="0.000028" asserts="1" />
            <test-case id="1008" name="CompareCharactersCountTest(&quot;PMJF&quot;,&quot;VCV&quot;,False)" fullname="Open_Lab_03._03.Tests.CompareCharactersCountTest(&quot;PMJF&quot;,&quot;VCV&quot;,False)" methodname="CompareCharactersCountTest" classname="Open_Lab_03._03.Tests" runstate="Runnable" seed="929291335" result="Passed" start-time="2021-10-13 06:36:48Z" end-time="2021-10-13 06:36:48Z" duration="0.000029" asserts="1" />
            <test-case id="1009" name="CompareCharactersCountTest(&quot;&quot;,&quot;&quot;,True)" fullname="Open_Lab_03._03.Tests.CompareCharactersCountTest(&quot;&quot;,&quot;&quot;,True)" methodname="CompareCharactersCountTest" classname="Open_Lab_03._03.Tests" runstate="Runnable" seed="2045502772" result="Passed" start-time="2021-10-13 06:36:48Z" end-time="2021-10-13 06:36:48Z" duration="0.000035" asserts="1" />
            <test-case id="1010" name="CompareCharactersCountTest(&quot;V&quot;,&quot;J&quot;,True)" fullname="Open_Lab_03._03.Tests.CompareCharactersCountTest(&quot;V&quot;,&quot;J&quot;,True)" methodname="CompareCharactersCountTest" classname="Open_Lab_03._03.Tests" runstate="Runnable" seed="64001141" result="Passed" start-time="2021-10-13 06:36:48Z" end-time="2021-10-13 06:36:48Z" duration="0.000031" asserts="1" />
            <test-case id="1011" name="CompareCharactersCountTest(&quot;XCHOU&quot;,&quot;IUOFWNN&quot;,False)" fullname="Open_Lab_03._03.Tests.CompareCharactersCountTest(&quot;XCHOU&quot;,&quot;IUOFWNN&quot;,False)" methodname="CompareCharactersCountTest" classname="Open_Lab_03._03.Tests" runstate="Runnable" seed="1631426039" result="Passed" start-time="2021-10-13 06:36:48Z" end-time="2021-10-13 06:36:48Z" duration="0.000033" asserts="1" />
            <test-case id="1012" name="CompareCharactersCountTest(&quot;LUDPQ&quot;,&quot;YJT&quot;,False)" fullname="Open_Lab_03._03.Tests.CompareCharactersCountTest(&quot;LUDPQ&quot;,&quot;YJT&quot;,False)" methodname="CompareCharactersCountTest" classname="Open_Lab_03._03.Tests" runstate="Runnable" seed="1435139987" result="Passed" start-time="2021-10-13 06:36:48Z" end-time="2021-10-13 06:36:48Z" duration="0.000033" asserts="1" />
            <test-case id="1013" name="CompareCharactersCountTest(&quot;&quot;,&quot;&quot;,True)" fullname="Open_Lab_03._03.Tests.CompareCharactersCountTest(&quot;&quot;,&quot;&quot;,True)" methodname="CompareCharactersCountTest" classname="Open_Lab_03._03.Tests" runstate="Runnable" seed="543196098" result="Passed" start-time="2021-10-13 06:36:48Z" end-time="2021-10-13 06:36:48Z" duration="0.000028" asserts="1" />
            <test-case id="1014" name="CompareCharactersCountTest(&quot;O&quot;,&quot;Z&quot;,True)" fullname="Open_Lab_03._03.Tests.CompareCharactersCountTest(&quot;O&quot;,&quot;Z&quot;,True)" methodname="CompareCharactersCountTest" classname="Open_Lab_03._03.Tests" runstate="Runnable" seed="2021409435" result="Passed" start-time="2021-10-13 06:36:48Z" end-time="2021-10-13 06:36:48Z" duration="0.000033" asserts="1" />
            <test-case id="1015" name="CompareCharactersCountTest(&quot;SOZN&quot;,&quot;ST&quot;,False)" fullname="Open_Lab_03._03.Tests.CompareCharactersCountTest(&quot;SOZN&quot;,&quot;ST&quot;,False)" methodname="CompareCharactersCountTest" classname="Open_Lab_03._03.Tests" runstate="Runnable" seed="437381947" result="Passed" start-time="2021-10-13 06:36:48Z" end-time="2021-10-13 06:36:48Z" duration="0.000036" asserts="1" />
            <test-case id="1016" name="CompareCharactersCountTest(&quot;SZVXEJ&quot;,&quot;HPIZQJ&quot;,True)" fullname="Open_Lab_03._03.Tests.CompareCharactersCountTest(&quot;SZVXEJ&quot;,&quot;HPIZQJ&quot;,True)" methodname="CompareCharactersCountTest" classname="Open_Lab_03._03.Tests" runstate="Runnable" seed="1100448622" result="Passed" start-time="2021-10-13 06:36:48Z" end-time="2021-10-13 06:36:48Z" duration="0.000029" asserts="1" />
            <test-case id="1017" name="CompareCharactersCountTest(&quot;TPLE&quot;,&quot;ACK&quot;,False)" fullname="Open_Lab_03._03.Tests.CompareCharactersCountTest(&quot;TPLE&quot;,&quot;ACK&quot;,False)" methodname="CompareCharactersCountTest" classname="Open_Lab_03._03.Tests" runstate="Runnable" seed="362628204" result="Passed" start-time="2021-10-13 06:36:48Z" end-time="2021-10-13 06:36:48Z" duration="0.000033" asserts="1" />
            <test-case id="1018" name="CompareCharactersCountTest(&quot;V&quot;,&quot;BC&quot;,False)" fullname="Open_Lab_03._03.Tests.CompareCharactersCountTest(&quot;V&quot;,&quot;BC&quot;,False)" methodname="CompareCharactersCountTest" classname="Open_Lab_03._03.Tests" runstate="Runnable" seed="1564947449" result="Passed" start-time="2021-10-13 06:36:48Z" end-time="2021-10-13 06:36:48Z" duration="0.000040" asserts="1" />
            <test-case id="1019" name="CompareCharactersCountTest(&quot;O&quot;,&quot;ZIR&quot;,False)" fullname="Open_Lab_03._03.Tests.CompareCharactersCountTest(&quot;O&quot;,&quot;ZIR&quot;,False)" methodname="CompareCharactersCountTest" classname="Open_Lab_03._03.Tests" runstate="Runnable" seed="898178453" result="Passed" start-time="2021-10-13 06:36:48Z" end-time="2021-10-13 06:36:48Z" duration="0.000029" asserts="1" />
            <test-case id="1020" name="CompareCharactersCountTest(&quot;W&quot;,&quot;Q&quot;,True)" fullname="Open_Lab_03._03.Tests.CompareCharactersCountTest(&quot;W&quot;,&quot;Q&quot;,True)" methodname="CompareCharactersCountTest" classname="Open_Lab_03._03.Tests" runstate="Runnable" seed="154407707" result="Passed" start-time="2021-10-13 06:36:48Z" end-time="2021-10-13 06:36:48Z" duration="0.000033" asserts="1" />
            <test-case id="1021" name="CompareCharactersCountTest(&quot;P&quot;,&quot;T&quot;,True)" fullname="Open_Lab_03._03.Tests.CompareCharactersCountTest(&quot;P&quot;,&quot;T&quot;,True)" methodname="CompareCharactersCountTest" classname="Open_Lab_03._03.Tests" runstate="Runnable" seed="205080055" result="Passed" start-time="2021-10-13 06:36:48Z" end-time="2021-10-13 06:36:48Z" duration="0.000032" asserts="1" />
            <test-case id="1022" name="CompareCharactersCountTest(&quot;GOJDSMVKB&quot;,&quot;OTPENFZWB&quot;,True)" fullname="Open_Lab_03._03.Tests.CompareCharactersCountTest(&quot;GOJDSMVKB&quot;,&quot;OTPENFZWB&quot;,True)" methodname="CompareCharactersCountTest" classname="Open_Lab_03._03.Tests" runstate="Runnable" seed="1983616608" result="Passed" start-time="2021-10-13 06:36:48Z" end-time="2021-10-13 06:36:48Z" duration="0.000028" asserts="1" />
            <test-case id="1023" name="CompareCharactersCountTest(&quot;AI&quot;,&quot;R&quot;,False)" fullname="Open_Lab_03._03.Tests.CompareCharactersCountTest(&quot;AI&quot;,&quot;R&quot;,False)" methodname="CompareCharactersCountTest" classname="Open_Lab_03._03.Tests" runstate="Runnable" seed="1576326004" result="Passed" start-time="2021-10-13 06:36:48Z" end-time="2021-10-13 06:36:48Z" duration="0.000036" asserts="1" />
            <test-case id="1024" name="CompareCharactersCountTest(&quot;WJCLZPGDV&quot;,&quot;YFLYKQDD&quot;,False)" fullname="Open_Lab_03._03.Tests.CompareCharactersCountTest(&quot;WJCLZPGDV&quot;,&quot;YFLYKQDD&quot;,False)" methodname="CompareCharactersCountTest" classname="Open_Lab_03._03.Tests" runstate="Runnable" seed="1559590184" result="Passed" start-time="2021-10-13 06:36:48Z" end-time="2021-10-13 06:36:48Z" duration="0.000032" asserts="1" />
            <test-case id="1025" name="CompareCharactersCountTest(&quot;XNIJKDPNN&quot;,&quot;QOYXKWVDSY&quot;,False)" fullname="Open_Lab_03._03.Tests.CompareCharactersCountTest(&quot;XNIJKDPNN&quot;,&quot;QOYXKWVDSY&quot;,False)" methodname="CompareCharactersCountTest" classname="Open_Lab_03._03.Tests" runstate="Runnable" seed="1610541056" result="Passed" start-time="2021-10-13 06:36:48Z" end-time="2021-10-13 06:36:48Z" duration="0.000028" asserts="1" />
            <test-case id="1026" name="CompareCharactersCountTest(&quot;&quot;,&quot;ML&quot;,False)" fullname="Open_Lab_03._03.Tests.CompareCharactersCountTest(&quot;&quot;,&quot;ML&quot;,False)" methodname="CompareCharactersCountTest" classname="Open_Lab_03._03.Tests" runstate="Runnable" seed="202113870" result="Passed" start-time="2021-10-13 06:36:48Z" end-time="2021-10-13 06:36:48Z" duration="0.000032" asserts="1" />
            <test-case id="1027" name="CompareCharactersCountTest(&quot;AOY&quot;,&quot;RPE&quot;,True)" fullname="Open_Lab_03._03.Tests.CompareCharactersCountTest(&quot;AOY&quot;,&quot;RPE&quot;,True)" methodname="CompareCharactersCountTest" classname="Open_Lab_03._03.Tests" runstate="Runnable" seed="195304475" result="Passed" start-time="2021-10-13 06:36:48Z" end-time="2021-10-13 06:36:48Z" duration="0.000035" asserts="1" />
            <test-case id="1028" name="CompareCharactersCountTest(&quot;WBTNZSHK&quot;,&quot;CTNHAHB&quot;,False)" fullname="Open_Lab_03._03.Tests.CompareCharactersCountTest(&quot;WBTNZSHK&quot;,&quot;CTNHAHB&quot;,False)" methodname="CompareCharactersCountTest" classname="Open_Lab_03._03.Tests" runstate="Runnable" seed="1775550219" result="Passed" start-time="2021-10-13 06:36:48Z" end-time="2021-10-13 06:36:48Z" duration="0.000028" asserts="1" />
            <test-case id="1029" name="CompareCharactersCountTest(&quot;&quot;,&quot;&quot;,True)" fullname="Open_Lab_03._03.Tests.CompareCharactersCountTest(&quot;&quot;,&quot;&quot;,True)" methodname="CompareCharactersCountTest" classname="Open_Lab_03._03.Tests" runstate="Runnable" seed="2118475948" result="Passed" start-time="2021-10-13 06:36:48Z" end-time="2021-10-13 06:36:48Z" duration="0.000033" asserts="1" />
            <test-case id="1030" name="CompareCharactersCountTest(&quot;FWVK&quot;,&quot;BAUJ&quot;,True)" fullname="Open_Lab_03._03.Tests.CompareCharactersCountTest(&quot;FWVK&quot;,&quot;BAUJ&quot;,True)" methodname="CompareCharactersCountTest" classname="Open_Lab_03._03.Tests" runstate="Runnable" seed="191493001" result="Passed" start-time="2021-10-13 06:36:48Z" end-time="2021-10-13 06:36:48Z" duration="0.000032" asserts="1" />
            <test-case id="1031" name="CompareCharactersCountTest(&quot;VXLRO&quot;,&quot;AJDHEZ&quot;,False)" fullname="Open_Lab_03._03.Tests.CompareCharactersCountTest(&quot;VXLRO&quot;,&quot;AJDHEZ&quot;,False)" methodname="CompareCharactersCountTest" classname="Open_Lab_03._03.Tests" runstate="Runnable" seed="1641985970" result="Passed" start-time="2021-10-13 06:36:48Z" end-time="2021-10-13 06:36:48Z" duration="0.000028" asserts="1" />
            <test-case id="1032" name="CompareCharactersCountTest(&quot;WTXBOS&quot;,&quot;MXDCSRN&quot;,False)" fullname="Open_Lab_03._03.Tests.CompareCharactersCountTest(&quot;WTXBOS&quot;,&quot;MXDCSRN&quot;,False)" methodname="CompareCharactersCountTest" classname="Open_Lab_03._03.Tests" runstate="Runnable" seed="1970427840" result="Passed" start-time="2021-10-13 06:36:48Z" end-time="2021-10-13 06:36:48Z" duration="0.000033" asserts="1" />
            <test-case id="1033" name="CompareCharactersCountTest(&quot;&quot;,&quot;R&quot;,False)" fullname="Open_Lab_03._03.Tests.CompareCharactersCountTest(&quot;&quot;,&quot;R&quot;,False)" methodname="CompareCharactersCountTest" classname="Open_Lab_03._03.Tests" runstate="Runnable" seed="1797126458" result="Passed" start-time="2021-10-13 06:36:48Z" end-time="2021-10-13 06:36:48Z" duration="0.000032" asserts="1" />
            <test-case id="1034" name="CompareCharactersCountTest(&quot;JSTGV&quot;,&quot;CQMH&quot;,False)" fullname="Open_Lab_03._03.Tests.CompareCharactersCountTest(&quot;JSTGV&quot;,&quot;CQMH&quot;,False)" methodname="CompareCharactersCountTest" classname="Open_Lab_03._03.Tests" runstate="Runnable" seed="732142751" result="Passed" start-time="2021-10-13 06:36:48Z" end-time="2021-10-13 06:36:48Z" duration="0.000032" asserts="1" />
            <test-case id="1035" name="CompareCharactersCountTest(&quot;GILOFYR&quot;,&quot;DYFQCURVS&quot;,False)" fullname="Open_Lab_03._03.Tests.CompareCharactersCountTest(&quot;GILOFYR&quot;,&quot;DYFQCURVS&quot;,False)" methodname="CompareCharactersCountTest" classname="Open_Lab_03._03.Tests" runstate="Runnable" seed="370608950" result="Passed" start-time="2021-10-13 06:36:48Z" end-time="2021-10-13 06:36:48Z" duration="0.000045" asserts="1" />
            <test-case id="1036" name="CompareCharactersCountTest(&quot;ZSLTYQYYQ&quot;,&quot;XVKCLUZ&quot;,False)" fullname="Open_Lab_03._03.Tests.CompareCharactersCountTest(&quot;ZSLTYQYYQ&quot;,&quot;XVKCLUZ&quot;,False)" methodname="CompareCharactersCountTest" classname="Open_Lab_03._03.Tests" runstate="Runnable" seed="962819524" result="Passed" start-time="2021-10-13 06:36:48Z" end-time="2021-10-13 06:36:48Z" duration="0.000033" asserts="1" />
            <test-case id="1037" name="CompareCharactersCountTest(&quot;HDHDYNOZ&quot;,&quot;SPYOAJRLH&quot;,False)" fullname="Open_Lab_03._03.Tests.CompareCharactersCountTest(&quot;HDHDYNOZ&quot;,&quot;SPYOAJRLH&quot;,False)" methodname="CompareCharactersCountTest" classname="Open_Lab_03._03.Tests" runstate="Runnable" seed="1202662749" result="Passed" start-time="2021-10-13 06:36:48Z" end-time="2021-10-13 06:36:48Z" duration="0.000028" asserts="1" />
            <test-case id="1038" name="CompareCharactersCountTest(&quot;MJVPHITIO&quot;,&quot;DFIUVBLVT&quot;,True)" fullname="Open_Lab_03._03.Tests.CompareCharactersCountTest(&quot;MJVPHITIO&quot;,&quot;DFIUVBLVT&quot;,True)" methodname="CompareCharactersCountTest" classname="Open_Lab_03._03.Tests" runstate="Runnable" seed="1173763914" result="Passed" start-time="2021-10-13 06:36:48Z" end-time="2021-10-13 06:36:48Z" duration="0.000038" asserts="1" />
            <test-case id="1039" name="CompareCharactersCountTest(&quot;XFZYIZBX&quot;,&quot;MTQEUNJKL&quot;,False)" fullname="Open_Lab_03._03.Tests.CompareCharactersCountTest(&quot;XFZYIZBX&quot;,&quot;MTQEUNJKL&quot;,False)" methodname="CompareCharactersCountTest" classname="Open_Lab_03._03.Tests" runstate="Runnable" seed="1068273254" result="Passed" start-time="2021-10-13 06:36:48Z" end-time="2021-10-13 06:36:48Z" duration="0.000035" asserts="1" />
            <test-case id="1040" name="CompareCharactersCountTest(&quot;UEFAV&quot;,&quot;NHETZXV&quot;,False)" fullname="Open_Lab_03._03.Tests.CompareCharactersCountTest(&quot;UEFAV&quot;,&quot;NHETZXV&quot;,False)" methodname="CompareCharactersCountTest" classname="Open_Lab_03._03.Tests" runstate="Runnable" seed="34756416" result="Passed" start-time="2021-10-13 06:36:48Z" end-time="2021-10-13 06:36:48Z" duration="0.000029" asserts="1" />
            <test-case id="1041" name="CompareCharactersCountTest(&quot;GNHKXH&quot;,&quot;IHWVVM&quot;,True)" fullname="Open_Lab_03._03.Tests.CompareCharactersCountTest(&quot;GNHKXH&quot;,&quot;IHWVVM&quot;,True)" methodname="CompareCharactersCountTest" classname="Open_Lab_03._03.Tests" runstate="Runnable" seed="589954834" result="Passed" start-time="2021-10-13 06:36:48Z" end-time="2021-10-13 06:36:48Z" duration="0.000034" asserts="1" />
            <test-case id="1042" name="CompareCharactersCountTest(&quot;&quot;,&quot;&quot;,True)" fullname="Open_Lab_03._03.Tests.CompareCharactersCountTest(&quot;&quot;,&quot;&quot;,True)" methodname="CompareCharactersCountTest" classname="Open_Lab_03._03.Tests" runstate="Runnable" seed="2063126687" result="Passed" start-time="2021-10-13 06:36:48Z" end-time="2021-10-13 06:36:48Z" duration="0.000060" asserts="1" />
            <test-case id="1043" name="CompareCharactersCountTest(&quot;QZ&quot;,&quot;HU&quot;,True)" fullname="Open_Lab_03._03.Tests.CompareCharactersCountTest(&quot;QZ&quot;,&quot;HU&quot;,True)" methodname="CompareCharactersCountTest" classname="Open_Lab_03._03.Tests" runstate="Runnable" seed="1819203251" result="Passed" start-time="2021-10-13 06:36:48Z" end-time="2021-10-13 06:36:48Z" duration="0.000033" asserts="1" />
            <test-case id="1044" name="CompareCharactersCountTest(&quot;&quot;,&quot;&quot;,True)" fullname="Open_Lab_03._03.Tests.CompareCharactersCountTest(&quot;&quot;,&quot;&quot;,True)" methodname="CompareCharactersCountTest" classname="Open_Lab_03._03.Tests" runstate="Runnable" seed="1372675115" result="Passed" start-time="2021-10-13 06:36:48Z" end-time="2021-10-13 06:36:48Z" duration="0.000035" asserts="1" />
            <test-case id="1045" name="CompareCharactersCountTest(&quot;DKBVHXO&quot;,&quot;XZSOZ&quot;,False)" fullname="Open_Lab_03._03.Tests.CompareCharactersCountTest(&quot;DKBVHXO&quot;,&quot;XZSOZ&quot;,False)" methodname="CompareCharactersCountTest" classname="Open_Lab_03._03.Tests" runstate="Runnable" seed="798585883" result="Passed" start-time="2021-10-13 06:36:48Z" end-time="2021-10-13 06:36:48Z" duration="0.000037" asserts="1" />
            <test-case id="1046" name="CompareCharactersCountTest(&quot;&quot;,&quot;&quot;,True)" fullname="Open_Lab_03._03.Tests.CompareCharactersCountTest(&quot;&quot;,&quot;&quot;,True)" methodname="CompareCharactersCountTest" classname="Open_Lab_03._03.Tests" runstate="Runnable" seed="1630503223" result="Passed" start-time="2021-10-13 06:36:48Z" end-time="2021-10-13 06:36:48Z" duration="0.000029" asserts="1" />
            <test-case id="1047" name="CompareCharactersCountTest(&quot;QNIJE&quot;,&quot;JMTX&quot;,False)" fullname="Open_Lab_03._03.Tests.CompareCharactersCountTest(&quot;QNIJE&quot;,&quot;JMTX&quot;,False)" methodname="CompareCharactersCountTest" classname="Open_Lab_03._03.Tests" runstate="Runnable" seed="2122822448" result="Passed" start-time="2021-10-13 06:36:48Z" end-time="2021-10-13 06:36:48Z" duration="0.000055" asserts="1" />
            <test-case id="1048" name="CompareCharactersCountTest(&quot;YNX&quot;,&quot;KR&quot;,False)" fullname="Open_Lab_03._03.Tests.CompareCharactersCountTest(&quot;YNX&quot;,&quot;KR&quot;,False)" methodname="CompareCharactersCountTest" classname="Open_Lab_03._03.Tests" runstate="Runnable" seed="2079197254" result="Passed" start-time="2021-10-13 06:36:48Z" end-time="2021-10-13 06:36:48Z" duration="0.000059" asserts="1" />
            <test-case id="1049" name="CompareCharactersCountTest(&quot;GMGNZZHY&quot;,&quot;NIZGJQ&quot;,False)" fullname="Open_Lab_03._03.Tests.CompareCharactersCountTest(&quot;GMGNZZHY&quot;,&quot;NIZGJQ&quot;,False)" methodname="CompareCharactersCountTest" classname="Open_Lab_03._03.Tests" runstate="Runnable" seed="795605759" result="Passed" start-time="2021-10-13 06:36:48Z" end-time="2021-10-13 06:36:48Z" duration="0.000032" asserts="1" />
            <test-case id="1050" name="CompareCharactersCountTest(&quot;DNGI&quot;,&quot;AU&quot;,False)" fullname="Open_Lab_03._03.Tests.CompareCharactersCountTest(&quot;DNGI&quot;,&quot;AU&quot;,False)" methodname="CompareCharactersCountTest" classname="Open_Lab_03._03.Tests" runstate="Runnable" seed="1268784695" result="Passed" start-time="2021-10-13 06:36:48Z" end-time="2021-10-13 06:36:48Z" duration="0.000034" asserts="1" />
            <test-case id="1051" name="CompareCharactersCountTest(&quot;XZPQKBIWE&quot;,&quot;YTCADOJC&quot;,False)" fullname="Open_Lab_03._03.Tests.CompareCharactersCountTest(&quot;XZPQKBIWE&quot;,&quot;YTCADOJC&quot;,False)" methodname="CompareCharactersCountTest" classname="Open_Lab_03._03.Tests" runstate="Runnable" seed="707342161" result="Passed" start-time="2021-10-13 06:36:48Z" end-time="2021-10-13 06:36:48Z" duration="0.000053" asserts="1" />
            <test-case id="1052" name="CompareCharactersCountTest(&quot;DU&quot;,&quot;QYSN&quot;,False)" fullname="Open_Lab_03._03.Tests.CompareCharactersCountTest(&quot;DU&quot;,&quot;QYSN&quot;,False)" methodname="CompareCharactersCountTest" classname="Open_Lab_03._03.Tests" runstate="Runnable" seed="423557483" result="Passed" start-time="2021-10-13 06:36:48Z" end-time="2021-10-13 06:36:48Z" duration="0.000043" asserts="1" />
            <test-case id="1053" name="CompareCharactersCountTest(&quot;WLNC&quot;,&quot;LNZPZ&quot;,False)" fullname="Open_Lab_03._03.Tests.CompareCharactersCountTest(&quot;WLNC&quot;,&quot;LNZPZ&quot;,False)" methodname="CompareCharactersCountTest" classname="Open_Lab_03._03.Tests" runstate="Runnable" seed="974628431" result="Passed" start-time="2021-10-13 06:36:48Z" end-time="2021-10-13 06:36:48Z" duration="0.000088" asserts="1" />
            <test-case id="1054" name="CompareCharactersCountTest(&quot;OMZ&quot;,&quot;DCKW&quot;,False)" fullname="Open_Lab_03._03.Tests.CompareCharactersCountTest(&quot;OMZ&quot;,&quot;DCKW&quot;,False)" methodname="CompareCharactersCountTest" classname="Open_Lab_03._03.Tests" runstate="Runnable" seed="1478745121" result="Passed" start-time="2021-10-13 06:36:48Z" end-time="2021-10-13 06:36:48Z" duration="0.000044" asserts="1" />
            <test-case id="1055" name="CompareCharactersCountTest(&quot;AZX&quot;,&quot;F&quot;,False)" fullname="Open_Lab_03._03.Tests.CompareCharactersCountTest(&quot;AZX&quot;,&quot;F&quot;,False)" methodname="CompareCharactersCountTest" classname="Open_Lab_03._03.Tests" runstate="Runnable" seed="1119642623" result="Passed" start-time="2021-10-13 06:36:48Z" end-time="2021-10-13 06:36:48Z" duration="0.000046" asserts="1" />
            <test-case id="1056" name="CompareCharactersCountTest(&quot;VMHBXDX&quot;,&quot;HMKRVHOBN&quot;,False)" fullname="Open_Lab_03._03.Tests.CompareCharactersCountTest(&quot;VMHBXDX&quot;,&quot;HMKRVHOBN&quot;,False)" methodname="CompareCharactersCountTest" classname="Open_Lab_03._03.Tests" runstate="Runnable" seed="698252898" result="Passed" start-time="2021-10-13 06:36:48Z" end-time="2021-10-13 06:36:48Z" duration="0.000036" asserts="1" />
            <test-case id="1057" name="CompareCharactersCountTest(&quot;MSJDR&quot;,&quot;NNVELTW&quot;,False)" fullname="Open_Lab_03._03.Tests.CompareCharactersCountTest(&quot;MSJDR&quot;,&quot;NNVELTW&quot;,False)" methodname="CompareCharactersCountTest" classname="Open_Lab_03._03.Tests" runstate="Runnable" seed="1427466028" result="Passed" start-time="2021-10-13 06:36:48Z" end-time="2021-10-13 06:36:48Z" duration="0.000045" asserts="1" />
            <test-case id="1058" name="CompareCharactersCountTest(&quot;JMSMI&quot;,&quot;YMNQ&quot;,False)" fullname="Open_Lab_03._03.Tests.CompareCharactersCountTest(&quot;JMSMI&quot;,&quot;YMNQ&quot;,False)" methodname="CompareCharactersCountTest" classname="Open_Lab_03._03.Tests" runstate="Runnable" seed="1522503290" result="Passed" start-time="2021-10-13 06:36:48Z" end-time="2021-10-13 06:36:48Z" duration="0.000098" asserts="1" />
            <test-case id="1059" name="CompareCharactersCountTest(&quot;S&quot;,&quot;L&quot;,True)" fullname="Open_Lab_03._03.Tests.CompareCharactersCountTest(&quot;S&quot;,&quot;L&quot;,True)" methodname="CompareCharactersCountTest" classname="Open_Lab_03._03.Tests" runstate="Runnable" seed="550694109" result="Passed" start-time="2021-10-13 06:36:48Z" end-time="2021-10-13 06:36:48Z" duration="0.000054" asserts="1" />
            <test-case id="1060" name="CompareCharactersCountTest(&quot;UZMKX&quot;,&quot;TAPRV&quot;,True)" fullname="Open_Lab_03._03.Tests.CompareCharactersCountTest(&quot;UZMKX&quot;,&quot;TAPRV&quot;,True)" methodname="CompareCharactersCountTest" classname="Open_Lab_03._03.Tests" runstate="Runnable" seed="254104433" result="Passed" start-time="2021-10-13 06:36:48Z" end-time="2021-10-13 06:36:48Z" duration="0.000105" asserts="1" />
            <test-case id="1061" name="CompareCharactersCountTest(&quot;BYMNPWJ&quot;,&quot;MUWPEQM&quot;,True)" fullname="Open_Lab_03._03.Tests.CompareCharactersCountTest(&quot;BYMNPWJ&quot;,&quot;MUWPEQM&quot;,True)" methodname="CompareCharactersCountTest" classname="Open_Lab_03._03.Tests" runstate="Runnable" seed="1738871910" result="Passed" start-time="2021-10-13 06:36:48Z" end-time="2021-10-13 06:36:48Z" duration="0.000040" asserts="1" />
            <test-case id="1062" name="CompareCharactersCountTest(&quot;FQYCZFKLG&quot;,&quot;MQOIXBQ&quot;,False)" fullname="Open_Lab_03._03.Tests.CompareCharactersCountTest(&quot;FQYCZFKLG&quot;,&quot;MQOIXBQ&quot;,False)" methodname="CompareCharactersCountTest" classname="Open_Lab_03._03.Tests" runstate="Runnable" seed="629122292" result="Passed" start-time="2021-10-13 06:36:48Z" end-time="2021-10-13 06:36:48Z" duration="0.000040" asserts="1" />
            <test-case id="1063" name="CompareCharactersCountTest(&quot;LODQY&quot;,&quot;VBCUY&quot;,True)" fullname="Open_Lab_03._03.Tests.CompareCharactersCountTest(&quot;LODQY&quot;,&quot;VBCUY&quot;,True)" methodname="CompareCharactersCountTest" classname="Open_Lab_03._03.Tests" runstate="Runnable" seed="958299034" result="Passed" start-time="2021-10-13 06:36:48Z" end-time="2021-10-13 06:36:48Z" duration="0.000029" asserts="1" />
            <test-case id="1064" name="CompareCharactersCountTest(&quot;ULU&quot;,&quot;YK&quot;,False)" fullname="Open_Lab_03._03.Tests.CompareCharactersCountTest(&quot;ULU&quot;,&quot;YK&quot;,False)" methodname="CompareCharactersCountTest" classname="Open_Lab_03._03.Tests" runstate="Runnable" seed="1854009771" result="Passed" start-time="2021-10-13 06:36:48Z" end-time="2021-10-13 06:36:48Z" duration="0.000095" asserts="1" />
            <test-case id="1065" name="CompareCharactersCountTest(&quot;&quot;,&quot;RO&quot;,False)" fullname="Open_Lab_03._03.Tests.CompareCharactersCountTest(&quot;&quot;,&quot;RO&quot;,False)" methodname="CompareCharactersCountTest" classname="Open_Lab_03._03.Tests" runstate="Runnable" seed="569498818" result="Passed" start-time="2021-10-13 06:36:48Z" end-time="2021-10-13 06:36:48Z" duration="0.000069" asserts="1" />
            <test-case id="1066" name="CompareCharactersCountTest(&quot;BHDGVEXU&quot;,&quot;YQFBKZOR&quot;,True)" fullname="Open_Lab_03._03.Tests.CompareCharactersCountTest(&quot;BHDGVEXU&quot;,&quot;YQFBKZOR&quot;,True)" methodname="CompareCharactersCountTest" classname="Open_Lab_03._03.Tests" runstate="Runnable" seed="1808481846" result="Passed" start-time="2021-10-13 06:36:48Z" end-time="2021-10-13 06:36:48Z" duration="0.000049" asserts="1" />
            <test-case id="1067" name="CompareCharactersCountTest(&quot;W&quot;,&quot;&quot;,False)" fullname="Open_Lab_03._03.Tests.CompareCharactersCountTest(&quot;W&quot;,&quot;&quot;,False)" methodname="CompareCharactersCountTest" classname="Open_Lab_03._03.Tests" runstate="Runnable" seed="1785497176" result="Passed" start-time="2021-10-13 06:36:48Z" end-time="2021-10-13 06:36:48Z" duration="0.000071" asserts="1" />
            <test-case id="1068" name="CompareCharactersCountTest(&quot;BYRE&quot;,&quot;TJMZ&quot;,True)" fullname="Open_Lab_03._03.Tests.CompareCharactersCountTest(&quot;BYRE&quot;,&quot;TJMZ&quot;,True)" methodname="CompareCharactersCountTest" classname="Open_Lab_03._03.Tests" runstate="Runnable" seed="1958536994" result="Passed" start-time="2021-10-13 06:36:48Z" end-time="2021-10-13 06:36:48Z" duration="0.000063" asserts="1" />
            <test-case id="1069" name="CompareCharactersCountTest(&quot;WPACJVP&quot;,&quot;GXXDLROKK&quot;,False)" fullname="Open_Lab_03._03.Tests.CompareCharactersCountTest(&quot;WPACJVP&quot;,&quot;GXXDLROKK&quot;,False)" methodname="CompareCharactersCountTest" classname="Open_Lab_03._03.Tests" runstate="Runnable" seed="1650800485" result="Passed" start-time="2021-10-13 06:36:48Z" end-time="2021-10-13 06:36:48Z" duration="0.000057" asserts="1" />
            <test-case id="1070" name="CompareCharactersCountTest(&quot;JTQRKCZIL&quot;,&quot;BBUKUFSIMJ&quot;,False)" fullname="Open_Lab_03._03.Tests.CompareCharactersCountTest(&quot;JTQRKCZIL&quot;,&quot;BBUKUFSIMJ&quot;,False)" methodname="CompareCharactersCountTest" classname="Open_Lab_03._03.Tests" runstate="Runnable" seed="1622046070" result="Passed" start-time="2021-10-13 06:36:48Z" end-time="2021-10-13 06:36:48Z" duration="0.000104" asserts="1" />
            <test-case id="1071" name="CompareCharactersCountTest(&quot;WNUZNJPG&quot;,&quot;CUIKQQ&quot;,False)" fullname="Open_Lab_03._03.Tests.CompareCharactersCountTest(&quot;WNUZNJPG&quot;,&quot;CUIKQQ&quot;,False)" methodname="CompareCharactersCountTest" classname="Open_Lab_03._03.Tests" runstate="Runnable" seed="2045269520" result="Passed" start-time="2021-10-13 06:36:48Z" end-time="2021-10-13 06:36:48Z" duration="0.000039" asserts="1" />
            <test-case id="1072" name="CompareCharactersCountTest(&quot;&quot;,&quot;&quot;,True)" fullname="Open_Lab_03._03.Tests.CompareCharactersCountTest(&quot;&quot;,&quot;&quot;,True)" methodname="CompareCharactersCountTest" classname="Open_Lab_03._03.Tests" runstate="Runnable" seed="1336347937" result="Passed" start-time="2021-10-13 06:36:48Z" end-time="2021-10-13 06:36:48Z" duration="0.000057" asserts="1" />
            <test-case id="1073" name="CompareCharactersCountTest(&quot;Y&quot;,&quot;&quot;,False)" fullname="Open_Lab_03._03.Tests.CompareCharactersCountTest(&quot;Y&quot;,&quot;&quot;,False)" methodname="CompareCharactersCountTest" classname="Open_Lab_03._03.Tests" runstate="Runnable" seed="496674195" result="Passed" start-time="2021-10-13 06:36:48Z" end-time="2021-10-13 06:36:48Z" duration="0.000087" asserts="1" />
            <test-case id="1074" name="CompareCharactersCountTest(&quot;&quot;,&quot;&quot;,True)" fullname="Open_Lab_03._03.Tests.CompareCharactersCountTest(&quot;&quot;,&quot;&quot;,True)" methodname="CompareCharactersCountTest" classname="Open_Lab_03._03.Tests" runstate="Runnable" seed="863422037" result="Passed" start-time="2021-10-13 06:36:48Z" end-time="2021-10-13 06:36:48Z" duration="0.000073" asserts="1" />
            <test-case id="1075" name="CompareCharactersCountTest(&quot;EDN&quot;,&quot;IGZ&quot;,True)" fullname="Open_Lab_03._03.Tests.CompareCharactersCountTest(&quot;EDN&quot;,&quot;IGZ&quot;,True)" methodname="CompareCharactersCountTest" classname="Open_Lab_03._03.Tests" runstate="Runnable" seed="1711936520" result="Passed" start-time="2021-10-13 06:36:48Z" end-time="2021-10-13 06:36:48Z" duration="0.000069" asserts="1" />
            <test-case id="1076" name="CompareCharactersCountTest(&quot;BC&quot;,&quot;RNFW&quot;,False)" fullname="Open_Lab_03._03.Tests.CompareCharactersCountTest(&quot;BC&quot;,&quot;RNFW&quot;,False)" methodname="CompareCharactersCountTest" classname="Open_Lab_03._03.Tests" runstate="Runnable" seed="289437015" result="Passed" start-time="2021-10-13 06:36:48Z" end-time="2021-10-13 06:36:48Z" duration="0.000044" asserts="1" />
            <test-case id="1077" name="CompareCharactersCountTest(&quot;SKBIGTJ&quot;,&quot;TEEKDHLUE&quot;,False)" fullname="Open_Lab_03._03.Tests.CompareCharactersCountTest(&quot;SKBIGTJ&quot;,&quot;TEEKDHLUE&quot;,False)" methodname="CompareCharactersCountTest" classname="Open_Lab_03._03.Tests" runstate="Runnable" seed="164413357" result="Passed" start-time="2021-10-13 06:36:48Z" end-time="2021-10-13 06:36:48Z" duration="0.000041" asserts="1" />
            <test-case id="1078" name="CompareCharactersCountTest(&quot;PVAA&quot;,&quot;JHWXHH&quot;,False)" fullname="Open_Lab_03._03.Tests.CompareCharactersCountTest(&quot;PVAA&quot;,&quot;JHWXHH&quot;,False)" methodname="CompareCharactersCountTest" classname="Open_Lab_03._03.Tests" runstate="Runnable" seed="203650889" result="Passed" start-time="2021-10-13 06:36:48Z" end-time="2021-10-13 06:36:48Z" duration="0.000029" asserts="1" />
            <test-case id="1079" name="CompareCharactersCountTest(&quot;ULMIFSZBH&quot;,&quot;LTTDBOC&quot;,False)" fullname="Open_Lab_03._03.Tests.CompareCharactersCountTest(&quot;ULMIFSZBH&quot;,&quot;LTTDBOC&quot;,False)" methodname="CompareCharactersCountTest" classname="Open_Lab_03._03.Tests" runstate="Runnable" seed="761004301" result="Passed" start-time="2021-10-13 06:36:48Z" end-time="2021-10-13 06:36:48Z" duration="0.000033" asserts="1" />
            <test-case id="1080" name="CompareCharactersCountTest(&quot;INAGGW&quot;,&quot;WSAULJM&quot;,False)" fullname="Open_Lab_03._03.Tests.CompareCharactersCountTest(&quot;INAGGW&quot;,&quot;WSAULJM&quot;,False)" methodname="CompareCharactersCountTest" classname="Open_Lab_03._03.Tests" runstate="Runnable" seed="2127521480" result="Passed" start-time="2021-10-13 06:36:48Z" end-time="2021-10-13 06:36:48Z" duration="0.000056" asserts="1" />
            <test-case id="1081" name="CompareCharactersCountTest(&quot;&quot;,&quot;B&quot;,False)" fullname="Open_Lab_03._03.Tests.CompareCharactersCountTest(&quot;&quot;,&quot;B&quot;,False)" methodname="CompareCharactersCountTest" classname="Open_Lab_03._03.Tests" runstate="Runnable" seed="226775069" result="Passed" start-time="2021-10-13 06:36:48Z" end-time="2021-10-13 06:36:48Z" duration="0.000033" asserts="1" />
            <test-case id="1082" name="CompareCharactersCountTest(&quot;RZGB&quot;,&quot;ELREBG&quot;,False)" fullname="Open_Lab_03._03.Tests.CompareCharactersCountTest(&quot;RZGB&quot;,&quot;ELREBG&quot;,False)" methodname="CompareCharactersCountTest" classname="Open_Lab_03._03.Tests" runstate="Runnable" seed="263590868" result="Passed" start-time="2021-10-13 06:36:48Z" end-time="2021-10-13 06:36:48Z" duration="0.000034" asserts="1" />
            <test-case id="1083" name="CompareCharactersCountTest(&quot;SUGRZMCO&quot;,&quot;EPMNRFQ&quot;,False)" fullname="Open_Lab_03._03.Tests.CompareCharactersCountTest(&quot;SUGRZMCO&quot;,&quot;EPMNRFQ&quot;,False)" methodname="CompareCharactersCountTest" classname="Open_Lab_03._03.Tests" runstate="Runnable" seed="979944460" result="Passed" start-time="2021-10-13 06:36:48Z" end-time="2021-10-13 06:36:48Z" duration="0.000067" asserts="1" />
            <test-case id="1084" name="CompareCharactersCountTest(&quot;RACQPKQJG&quot;,&quot;IPOCUPUTBQ&quot;,False)" fullname="Open_Lab_03._03.Tests.CompareCharactersCountTest(&quot;RACQPKQJG&quot;,&quot;IPOCUPUTBQ&quot;,False)" methodname="CompareCharactersCountTest" classname="Open_Lab_03._03.Tests" runstate="Runnable" seed="849691253" result="Passed" start-time="2021-10-13 06:36:48Z" end-time="2021-10-13 06:36:48Z" duration="0.000046" asserts="1" />
            <test-case id="1085" name="CompareCharactersCountTest(&quot;&quot;,&quot;C&quot;,False)" fullname="Open_Lab_03._03.Tests.CompareCharactersCountTest(&quot;&quot;,&quot;C&quot;,False)" methodname="CompareCharactersCountTest" classname="Open_Lab_03._03.Tests" runstate="Runnable" seed="1631634487" result="Passed" start-time="2021-10-13 06:36:48Z" end-time="2021-10-13 06:36:48Z" duration="0.000037" asserts="1" />
            <test-case id="1086" name="CompareCharactersCountTest(&quot;WU&quot;,&quot;BNSJ&quot;,False)" fullname="Open_Lab_03._03.Tests.CompareCharactersCountTest(&quot;WU&quot;,&quot;BNSJ&quot;,False)" methodname="CompareCharactersCountTest" classname="Open_Lab_03._03.Tests" runstate="Runnable" seed="1218428487" result="Passed" start-time="2021-10-13 06:36:48Z" end-time="2021-10-13 06:36:48Z" duration="0.000076" asserts="1" />
            <test-case id="1087" name="CompareCharactersCountTest(&quot;TFKGVQDKQ&quot;,&quot;ISENZCVWSY&quot;,False)" fullname="Open_Lab_03._03.Tests.CompareCharactersCountTest(&quot;TFKGVQDKQ&quot;,&quot;ISENZCVWSY&quot;,False)" methodname="CompareCharactersCountTest" classname="Open_Lab_03._03.Tests" runstate="Runnable" seed="995799409" result="Passed" start-time="2021-10-13 06:36:48Z" end-time="2021-10-13 06:36:48Z" duration="0.000076" asserts="1" />
            <test-case id="1088" name="CompareCharactersCountTest(&quot;W&quot;,&quot;EPT&quot;,False)" fullname="Open_Lab_03._03.Tests.CompareCharactersCountTest(&quot;W&quot;,&quot;EPT&quot;,False)" methodname="CompareCharactersCountTest" classname="Open_Lab_03._03.Tests" runstate="Runnable" seed="318381337" result="Passed" start-time="2021-10-13 06:36:48Z" end-time="2021-10-13 06:36:48Z" duration="0.000143" asserts="1" />
            <test-case id="1089" name="CompareCharactersCountTest(&quot;U&quot;,&quot;JD&quot;,False)" fullname="Open_Lab_03._03.Tests.CompareCharactersCountTest(&quot;U&quot;,&quot;JD&quot;,False)" methodname="CompareCharactersCountTest" classname="Open_Lab_03._03.Tests" runstate="Runnable" seed="1759983775" result="Passed" start-time="2021-10-13 06:36:48Z" end-time="2021-10-13 06:36:48Z" duration="0.000083" asserts="1" />
            <test-case id="1090" name="CompareCharactersCountTest(&quot;IUVWKI&quot;,&quot;ZCXGMMJC&quot;,False)" fullname="Open_Lab_03._03.Tests.CompareCharactersCountTest(&quot;IUVWKI&quot;,&quot;ZCXGMMJC&quot;,False)" methodname="CompareCharactersCountTest" classname="Open_Lab_03._03.Tests" runstate="Runnable" seed="1819839699" result="Passed" start-time="2021-10-13 06:36:48Z" end-time="2021-10-13 06:36:48Z" duration="0.000049" asserts="1" />
            <test-case id="1091" name="CompareCharactersCountTest(&quot;SGQA&quot;,&quot;LVUWAU&quot;,False)" fullname="Open_Lab_03._03.Tests.CompareCharactersCountTest(&quot;SGQA&quot;,&quot;LVUWAU&quot;,False)" methodname="CompareCharactersCountTest" classname="Open_Lab_03._03.Tests" runstate="Runnable" seed="1682837143" result="Passed" start-time="2021-10-13 06:36:48Z" end-time="2021-10-13 06:36:48Z" duration="0.000145" asserts="1" />
            <test-case id="1092" name="CompareCharactersCountTest(&quot;WJAMR&quot;,&quot;WVTEFK&quot;,False)" fullname="Open_Lab_03._03.Tests.CompareCharactersCountTest(&quot;WJAMR&quot;,&quot;WVTEFK&quot;,False)" methodname="CompareCharactersCountTest" classname="Open_Lab_03._03.Tests" runstate="Runnable" seed="1827643106" result="Passed" start-time="2021-10-13 06:36:48Z" end-time="2021-10-13 06:36:48Z" duration="0.000147" asserts="1" />
            <test-case id="1093" name="CompareCharactersCountTest(&quot;WGTKS&quot;,&quot;FRSXBC&quot;,False)" fullname="Open_Lab_03._03.Tests.CompareCharactersCountTest(&quot;WGTKS&quot;,&quot;FRSXBC&quot;,False)" methodname="CompareCharactersCountTest" classname="Open_Lab_03._03.Tests" runstate="Runnable" seed="623069805" result="Passed" start-time="2021-10-13 06:36:48Z" end-time="2021-10-13 06:36:48Z" duration="0.000067" asserts="1" />
            <test-case id="1094" name="CompareCharactersCountTest(&quot;LNZY&quot;,&quot;VPVHG&quot;,False)" fullname="Open_Lab_03._03.Tests.CompareCharactersCountTest(&quot;LNZY&quot;,&quot;VPVHG&quot;,False)" methodname="CompareCharactersCountTest" classname="Open_Lab_03._03.Tests" runstate="Runnable" seed="814168821" result="Passed" start-time="2021-10-13 06:36:48Z" end-time="2021-10-13 06:36:48Z" duration="0.000215" asserts="1" />
            <test-case id="1095" name="CompareCharactersCountTest(&quot;ZUNGR&quot;,&quot;SMWC&quot;,False)" fullname="Open_Lab_03._03.Tests.CompareCharactersCountTest(&quot;ZUNGR&quot;,&quot;SMWC&quot;,False)" methodname="CompareCharactersCountTest" classname="Open_Lab_03._03.Tests" runstate="Runnable" seed="443368153" result="Passed" start-time="2021-10-13 06:36:48Z" end-time="2021-10-13 06:36:48Z" duration="0.000072" asserts="1" />
            <test-case id="1096" name="CompareCharactersCountTest(&quot;PB&quot;,&quot;MI&quot;,True)" fullname="Open_Lab_03._03.Tests.CompareCharactersCountTest(&quot;PB&quot;,&quot;MI&quot;,True)" methodname="CompareCharactersCountTest" classname="Open_Lab_03._03.Tests" runstate="Runnable" seed="2108316189" result="Passed" start-time="2021-10-13 06:36:48Z" end-time="2021-10-13 06:36:48Z" duration="0.000065" asserts="1" />
            <test-case id="1097" name="CompareCharactersCountTest(&quot;ZYHYA&quot;,&quot;BLITFJU&quot;,False)" fullname="Open_Lab_03._03.Tests.CompareCharactersCountTest(&quot;ZYHYA&quot;,&quot;BLITFJU&quot;,False)" methodname="CompareCharactersCountTest" classname="Open_Lab_03._03.Tests" runstate="Runnable" seed="1104827653" result="Passed" start-time="2021-10-13 06:36:48Z" end-time="2021-10-13 06:36:48Z" duration="0.000048" asserts="1" />
            <test-case id="1098" name="CompareCharactersCountTest(&quot;PSOKYSK&quot;,&quot;AFOGKJV&quot;,True)" fullname="Open_Lab_03._03.Tests.CompareCharactersCountTest(&quot;PSOKYSK&quot;,&quot;AFOGKJV&quot;,True)" methodname="CompareCharactersCountTest" classname="Open_Lab_03._03.Tests" runstate="Runnable" seed="2112677127" result="Passed" start-time="2021-10-13 06:36:48Z" end-time="2021-10-13 06:36:48Z" duration="0.000036" asserts="1" />
            <test-case id="1099" name="CompareCharactersCountTest(&quot;LNAZIHFHZ&quot;,&quot;SCYYMDBKVZ&quot;,False)" fullname="Open_Lab_03._03.Tests.CompareCharactersCountTest(&quot;LNAZIHFHZ&quot;,&quot;SCYYMDBKVZ&quot;,False)" methodname="CompareCharactersCountTest" classname="Open_Lab_03._03.Tests" runstate="Runnable" seed="803176297" result="Passed" start-time="2021-10-13 06:36:48Z" end-time="2021-10-13 06:36:48Z" duration="0.000029" asserts="1" />
            <test-case id="1100" name="CompareCharactersCountTest(&quot;CJXLYTSR&quot;,&quot;QSPKVUVU&quot;,True)" fullname="Open_Lab_03._03.Tests.CompareCharactersCountTest(&quot;CJXLYTSR&quot;,&quot;QSPKVUVU&quot;,True)" methodname="CompareCharactersCountTest" classname="Open_Lab_03._03.Tests" runstate="Runnable" seed="1137587684" result="Passed" start-time="2021-10-13 06:36:48Z" end-time="2021-10-13 06:36:48Z" duration="0.000037" asserts="1" />
          </test-suite>
        </test-suite>
      </test-suite>
    </test-suite>
  </test-suite>
</test-run>